[Bootstrap]
SetupTitle=Install
SetupText=Copying Files, please stand by.
CabFile=MINIAS.CAB
Spawn=Setup1.exe
Uninstal=st6unst.exe
TmpDir=msftqws.pdw
Cabs=1

[Bootstrap Files]
File1=@vb6stkit.dll,$(WinSysPathSysFile),,,3/26/99 5:38:48 AM,101888,6.0.84.50
File2=@COMCAT.DLL,$(WinSysPathSysFile),$(DLLSelfRegister),,5/31/98 11:00:00 PM,22288,4.71.1460.1
File3=@STDOLE2.TLB,$(WinSysPathSysFile),$(TLBRegister),,6/3/99 12:00:00 AM,17920,2.40.4275.1
File4=@ASYCFILT.DLL,$(WinSysPathSysFile),,,3/8/99 12:00:00 AM,147728,2.40.4275.1
File5=@OLEPRO32.DLL,$(WinSysPathSysFile),$(DLLSelfRegister),,3/8/99 12:00:00 AM,164112,5.0.4275.1
File6=@OLEAUT32.DLL,$(WinSysPathSysFile),$(DLLSelfRegister),,4/12/00 12:00:00 AM,598288,2.40.4275.1
File7=@msvbvm60.dll,$(WinSysPathSysFile),$(DLLSelfRegister),,4/13/08 7:13:48 PM,1384479,6.0.98.2

[IconGroups]
Group0=MINIASCOTT
PrivateGroup0=0
Parent0=$(Programs)

[MINIASCOTT]
Icon1="MINIAS.EXE"
Title1=MINIASCOTT
StartIn1=$(AppPath)

[Setup]
Title=MINIASCOTT1
DefaultDir=$(ProgramFiles)\MINIASCOTT
AppExe=MINIAS.EXE
AppToUninstall=MINIAS.EXE

[Setup1 Files]
File1=@Project1.rav,$(AppPath),,,1/22/10 3:32:57 PM,21901,0.0.0.0
File2=@miniasd.udl,$(AppPath),,,11/27/09 10:00:39 AM,356,0.0.0.0
File3=@grid32.ocx,$(AppPath),,,5/3/00 10:01:14 AM,89600,4.0.29.8
File4=@MSCOMM32.OCX,$(WinSysPath),$(DLLSelfRegister),$(Shared),6/23/98 11:00:00 PM,103744,6.0.81.69
File5=@VB5DB.DLL,$(WinSysPath),,$(Shared),6/17/98 11:00:00 PM,89360,6.0.81.69
File6=@msjtes40.dll,$(WinSysPathSysFile),$(DLLSelfRegister),,3/25/08 5:50:42 AM,248608,4.0.9502.0
File7=@msrepl40.dll,$(WinSysPathSysFile),,,3/25/08 5:50:52 AM,559904,4.0.9502.0
File8=@msrd3x40.dll,$(WinSysPathSysFile),$(DLLSelfRegister),,3/25/08 5:50:49 AM,322336,4.0.9502.0
File9=@msrd2x40.dll,$(WinSysPathSysFile),$(DLLSelfRegister),,3/25/08 5:50:47 AM,432928,4.0.9502.0
File10=@mswdat10.dll,$(WinSysPathSysFile),,,3/25/08 5:50:57 AM,838432,4.0.9502.0
File11=@mswstr10.dll,$(WinSysPathSysFile),,,3/25/08 5:51:32 AM,621344,4.0.9502.0
File12=@expsrv.dll,$(WinSysPathSysFile),,,4/13/08 7:13:40 PM,380445,6.0.72.9590
File13=@vbajet32.dll,$(WinSysPathSysFile),,,4/13/08 7:13:56 PM,30749,6.0.1.9432
File14=@MSJInt40.dll,$(WinSysPathSysFile),,,3/24/99 7:27:58 PM,151824,4.0.2521.8
File15=@msjter40.dll,$(WinSysPathSysFile),,,3/25/08 5:50:42 AM,60192,4.0.9502.0
File16=@msjet40.dll,$(WinSysPathSysFile),$(DLLSelfRegister),,3/25/08 5:50:34 AM,1516568,4.0.9511.0
File17=@dao360.dll,$(WinSysPath),$(DLLSelfRegister),$(Shared),3/25/08 5:50:25 AM,554008,3.60.9512.0
File18=@miniasdll.dll,$(AppPath),,,1/22/10 3:58:05 PM,1404928,0.0.0.0
File19=@MINIAS.EXE,$(AppPath),,,11/27/09 10:10:18 AM,131072,1.0.0.0

; Le righe seguenti potrebbero essere eliminate per ottenere spazio
; aggiuntivo per la personalizzazione di questo file in un dischetto
; per l'installazione completa.
;
; XXXXXXXXXXXXXXXXXXXXXXXXXXXXXXXXXXXXXXXXXXXXXXXXXXXXXXXXXXXX
; XXXXXXXXXXXXXXXXXXXXXXXXXXXXXXXXXXXXXXXXXXXXXXXXXXXXXXXXXXXX
; XXXXXXXXXXXXXXXXXXXXXXXXXXXXXXXXXXXXXXXXXXXXXXXXXXXXXXXXXXXX
; XXXXXXXXXXXXXXXXXXXXXXXXXXXXXXXXXXXXXXXXXXXXXXXXXXXXXXXXXXXX
; XXXXXXXXXXXXXXXXXXXXXXXXXXXXXXXXXXXXXXXXXXXXXXXXXXXXXXXXXXXX
; XXXXXXXXXXXXXXXXXXXXXXXXXXXXXXXXXXXXXXXXXXXXXXXXXXXXXXXXXXXX
; XXXXXXXXXXXXXXXXXXXXXXXXXXXXXXXXXXXXXXXXXXXXXXXXXXXXXXXXXXXX
; XXXXXXXXXXXXXXXXXXXXXXXXXXXXXXXXXXXXXXXXXXXXXXXXXXXXXXXXXXXX
; XXXXXXXXXXXXXXXXXXXXXXXXXXXXXXXXXXXXXXXXXXXXXXXXXXXXXXXXXXXX
; XXXXXXXXXXXXXXXXXXXXXXXXXXXXXXXXXXXXXXXXXXXXXXXXXXXXXXXXXXXX
; XXXXXXXXXXXXXXXXXXXXXXXXXXXXXXXXXXXXXXXXXXXXXXXXXXXXXXXXXXXX
; XXXXXXXXXXXXXXXXXXXXXXXXXXXXXXXXXXXXXXXXXXXXXXXXXXXXXXXXXXXX
; XXXXXXXXXXXXXXXXXXXXXXXXXXXXXXXXXXXXXXXXXXXXXXXXXXXXXXXXXXXX
; XXXXXXXXXXXXXXXXXXXXXXXXXXXXXXXXXXXXXXXXXXXXXXXXXXXXXXXXXXXX
; XXXXXXXXXXXXXXXXXXXXXXXXXXXXXXXXXXXXXXXXXXXXXXXXXXXXXXXXXXXX
; XXXXXXXXXXXXXXXXXXXXXXXXXXXXXXXXXXXXXXXXXXXXXXXXXXXXXXXXXXXX
; XXXXXXXXXXXXXXXXXXXXXXXXXXXXXXXXXXXXXXXXXXXXXXXXXXXXXXXXXXXX
; XXXXXXXXXXXXXXXXXXXXXXXXXXXXXXXXXXXXXXXXXXXXXXXXXXXXXXXXXXXX
; XXXXXXXXXXXXXXXXXXXXXXXXXXXXXXXXXXXXXXXXXXXXXXXXXXXXXXXXXXXX
; XXXXXXXXXXXXXXXXXXXXXXXXXXXXXXXXXXXXXXXXXXXXXXXXXXXXXXXXXXXX
; XXXXXXXXXXXXXXXXXXXXXXXXXXXXXXXXXXXXXXXXXXXXXXXXXXXXXXXXXXXX
; XXXXXXXXXXXXXXXXXXXXXXXXXXXXXXXXXXXXXXXXXXXXXXXXXXXXXXXXXXXX
; XXXXXXXXXXXXXXXXXXXXXXXXXXXXXXXXXXXXXXXXXXXXXXXXXXXXXXXXXXXX
; XXXXXXXXXXXXXXXXXXXXXXXXXXXXXXXXXXXXXXXXXXXXXXXXXXXXXXXXXXXX
; XXXXXXXXXXXXXXXXXXXXXXXXXXXXXXXXXXXXXXXXXXXXXXXXXXXXXXXXXXXX
; XXXXXXXXXXXXXXXXXXXXXXXXXXXXXXXXXXXXXXXXXXXXXXXXXXXXXXXXXXXX
; XXXXXXXXXXXXXXXXXXXXXXXXXXXXXXXXXXXXXXXXXXXXXXXXXXXXXXXXXXXX
; XXXXXXXXXXXXXXXXXXXXXXXXXXXXXXXXXXXXXXXXXXXXXXXXXXXXXXXXXXXX
; XXXXXXXXXXXXXXXXXXXXXXXXXXXXXXXXXXXXXXXXXXXXXXXXXXXXXXXXXXXX
; XXXXXXXXXXXXXXXXXXXXXXXXXXXXXXXXXXXXXXXXXXXXXXXXXXXXXXXXXXXX
; XXXXXXXXXXXXXXXXXXXXXXXXXXXXXXXXXXXXXXXXXXXXXXXXXXXXXXXXXXXX
; XXXXXXXXXXXXXXXXXXXXXXXXXXXXXXXXXXXXXXXXXXXXXXXXXXXXXXXXXXXX
; XXXXXXXXXXXXXXXXXXXXXXXXXXXXXXXXXXXXXXXXXXXXXXXXXXXXXXXXXXXX
; XXXXXXXXXXXXXXXXXXXXXXXXXXXXXXXXXXXXXXXXXXXXXXXXXXXXXXXXXXXX
; XXXXXXXXXXXXXXXXXXXXXXXXXXXXXXXXXXXXXXXXXXXXXXXXXXXXXXXXXXXX
